<?xml version="1.0" encoding="UTF-8"?>
<!-- Generated by org.testng.reporters.JUnitXMLReporter -->
<testsuite hostname="INBLRWIT238540" ignored="0" name="Test" tests="4" failures="0" timestamp="06 Dec 2019 12:40:26 GMT" time="79.692" errors="0">
  <testcase name="BookReturnTicketTest" time="12.332" classname="com.edureka.project.BookTicket.BookReturnCruiseTicket"/>
  <testcase name="BookReturnTicketTest" time="9.252" classname="com.edureka.project.BookTicket.BookReturnFlightTicketTest"/>
  <testcase name="validcredentialTest" time="0.045" classname="com.edureeka.project.Credentials.ValidateCredentialsTest"/>
  <testcase name="registerUser" time="8.193" classname="com.edureeka.project.Credentials.RegisterCredentials"/>
</testsuite> <!-- Test -->
