<?xml version="1.0" encoding="UTF-8"?>
<testng-results skipped="0" failed="0" ignored="0" total="1" passed="1">
  <reporter-output>
  </reporter-output>
  <suite name="Suite" duration-ms="43159" started-at="2020-03-19T17:27:37Z" finished-at="2020-03-19T17:28:20Z">
    <groups>
    </groups>
    <test name="Test" duration-ms="43159" started-at="2020-03-19T17:27:37Z" finished-at="2020-03-19T17:28:20Z">
      <class name="com.edureka.project.BookTicket.BookReturnCruiseTicket">
        <test-method status="PASS" signature="launchSelectBrowser()[pri:0, instance:com.edureka.project.BookTicket.BookReturnCruiseTicket@51081592]" name="launchSelectBrowser" is-config="true" duration-ms="11554" started-at="2020-03-19T17:27:37Z" finished-at="2020-03-19T17:27:48Z">
          <reporter-output>
          </reporter-output>
        </test-method> <!-- launchSelectBrowser -->
        <test-method status="PASS" signature="loginTo()[pri:0, instance:com.edureka.project.BookTicket.BookReturnCruiseTicket@51081592]" name="loginTo" is-config="true" duration-ms="11087" started-at="2020-03-19T17:27:48Z" finished-at="2020-03-19T17:27:59Z">
          <reporter-output>
          </reporter-output>
        </test-method> <!-- loginTo -->
        <test-method status="PASS" signature="BookReturnTicketTest()[pri:0, instance:com.edureka.project.BookTicket.BookReturnCruiseTicket@51081592]" name="BookReturnTicketTest" duration-ms="18789" started-at="2020-03-19T17:27:59Z" finished-at="2020-03-19T17:28:18Z">
          <reporter-output>
          </reporter-output>
        </test-method> <!-- BookReturnTicketTest -->
        <test-method status="PASS" signature="close()[pri:0, instance:com.edureka.project.BookTicket.BookReturnCruiseTicket@51081592]" name="close" is-config="true" duration-ms="1670" started-at="2020-03-19T17:28:18Z" finished-at="2020-03-19T17:28:20Z">
          <reporter-output>
          </reporter-output>
        </test-method> <!-- close -->
      </class> <!-- com.edureka.project.BookTicket.BookReturnCruiseTicket -->
    </test> <!-- Test -->
  </suite> <!-- Suite -->
</testng-results>
