<?xml version="1.0" encoding="UTF-8"?>
<testng-results skipped="0" failed="0" ignored="0" total="1" passed="1">
  <reporter-output>
  </reporter-output>
  <suite name="Default suite" duration-ms="57397" started-at="2020-03-12T13:14:26Z" finished-at="2020-03-12T13:15:23Z">
    <groups>
    </groups>
    <test name="Default test" duration-ms="57397" started-at="2020-03-12T13:14:26Z" finished-at="2020-03-12T13:15:23Z">
      <class name="com.edureka.project.BookTicket.BookReturnCruiseTicket">
        <test-method status="PASS" signature="launchSelectBrowser()[pri:0, instance:com.edureka.project.BookTicket.BookReturnCruiseTicket@5bc79255]" name="launchSelectBrowser" is-config="true" duration-ms="6220" started-at="2020-03-12T13:14:26Z" finished-at="2020-03-12T13:14:32Z">
          <reporter-output>
          </reporter-output>
        </test-method> <!-- launchSelectBrowser -->
        <test-method status="PASS" signature="loginTo()[pri:0, instance:com.edureka.project.BookTicket.BookReturnCruiseTicket@5bc79255]" name="loginTo" is-config="true" duration-ms="17308" started-at="2020-03-12T13:14:32Z" finished-at="2020-03-12T13:14:49Z">
          <reporter-output>
          </reporter-output>
        </test-method> <!-- loginTo -->
        <test-method status="PASS" signature="BookReturnTicketTest()[pri:0, instance:com.edureka.project.BookTicket.BookReturnCruiseTicket@5bc79255]" name="BookReturnTicketTest" duration-ms="32720" started-at="2020-03-12T13:14:49Z" finished-at="2020-03-12T13:15:22Z">
          <reporter-output>
          </reporter-output>
        </test-method> <!-- BookReturnTicketTest -->
        <test-method status="PASS" signature="close()[pri:0, instance:com.edureka.project.BookTicket.BookReturnCruiseTicket@5bc79255]" name="close" is-config="true" duration-ms="1097" started-at="2020-03-12T13:15:22Z" finished-at="2020-03-12T13:15:23Z">
          <reporter-output>
          </reporter-output>
        </test-method> <!-- close -->
      </class> <!-- com.edureka.project.BookTicket.BookReturnCruiseTicket -->
    </test> <!-- Default test -->
  </suite> <!-- Default suite -->
</testng-results>
